0 info it worked if it ends with ok
1 verbose cli [ 'node', '/usr/local/bin/npm', 'run', 'deploy' ]
2 info using npm@1.3.24
3 info using node@v0.10.25
4 verbose run-script [ 'predeploy', 'deploy', 'postdeploy' ]
5 info predeploy @
6 info deploy @
7 verbose unsafe-perm in lifecycle true
8 info @ Failed to exec deploy script
9 error @ deploy: `gulp && git add --all && git commit -m 'new dist version generated' && git subtree push --prefix dist origin gh-pages`
9 error Exit status 1
10 error Failed at the @ deploy script.
10 error This is most likely a problem with the  package,
10 error not with npm itself.
10 error Tell the author that this fails on your system:
10 error     gulp && git add --all && git commit -m 'new dist version generated' && git subtree push --prefix dist origin gh-pages
10 error You can get their info via:
10 error     npm owner ls
10 error There is likely additional logging output above.
11 error System Darwin 13.3.0
12 error command "node" "/usr/local/bin/npm" "run" "deploy"
13 error cwd /Users/alvaro/source/hermescavern.github.io
14 error node -v v0.10.25
15 error npm -v 1.3.24
16 error code ELIFECYCLE
17 verbose exit [ 1, true ]
